 
 
            ------------------------------------ 
                  --- PROGRAM: XRFIT ---
            (Author: J. Rodriguez-Carvajal, LLB)
                 (version 3.0 October 1998) 
            ------------------------------------ 

 => TITLE: Yobs                                                                                                                                                                                                                                                            

 => 2Theta range, peaks and cycles read 
 => 2Theta(init)    :     6.008600
 => 2Theta(fin )    :    35.993900
 => Number of peaks :     8
 => Number of background points :     2
 => Number of cycles:    30
 => Wave (A)               :      1.540600      1.540600

 => Global parameters                 Flag
 => Kalph2/Kalph1 ratio    :      0.500000  0
 => Asymmetry parameter S_L:      0.000000  0
 => Asymmetry parameter D_L:      0.000000  0

      Profile Parameters for Pseudo-Voigt
        pV(x) = ETA* L(x) + (1-ETA)* G(x)
    FWHM = SQRT((U tanT + V) tanT + W) + Z/cosT
    ETA  = Eta0 + X * 2T 

 => Parameter  U           :      0.000000  0
 => Parameter  V           :      0.000000  0
 => Parameter  W           :      7.240986  1
 => Parameter  Z           :      0.000000  0
 => Parameter Eta0         :      0.000100  0
 => Parameter  X           :      0.000000  0

 => Background parameters
      Scatt. Variable     Background  Flag
            6.0086           24.0000   0
           35.9939           24.0000   0

      Position      Intensity      D-Gamma         D-Eta          Flags

     18.654766        131.41     -1.871529      0.000000       1  1  1  0
     20.456413         98.63     -1.000000      0.000000       1  1  0  0
     22.508089        110.00     -1.498417      0.000000       1  1  1  0
     28.472223         33.44     -1.587528      0.000000       0  1  1  0
     29.803675         30.16      0.000000      0.000000       0  1  0  0
     33.432541         16.05      0.000000      0.000000       0  1  0  0
     17.500000         88.86      0.000000      0.000000       0  1  0  0
     20.118004        693.98      8.631947      0.000000       0  1  1  0

 => Total number of refined parameters:   16


 -------------------------------------------------
 => Marquardt Least Squares Fitting for  30 cycles
 -------------------------------------------------

 => Number of observations   :   2951
 => Number of free parameters:     16
 => Range of variable X      : (      6.0086,     35.9939)


 => Cycle No.:    1  Chi2 =      0.076111


              Name-Par       No.      Old-Value          Change        New-Value         Sigma        Change/Sigma

              Shf_Gamma_8     6         7.240986       -0.000314        7.240672        0.173405       -0.001812
                  Eta0-PV    12        18.654766       -0.000193       18.654573        0.006447       -0.029881
              Bragg_Pos_1    13       131.407898        1.183212      132.591110        2.449263        0.483089
              Intensity_1    14        -1.871529       -0.003026       -1.874555        0.059253       -0.051065
              Shf_Gamma_1    16        20.456413        0.002653       20.459066        0.023311        0.113816
              Bragg_Pos_2    17        98.625839       -0.164619       98.461220        3.714544       -0.044318
              Intensity_2    20        22.508089        0.000647       22.508736        0.011914        0.054270
              Bragg_Pos_3    21       109.995445        0.470566      110.466011        2.965835        0.158662
              Intensity_3    22        -1.498417       -0.007206       -1.505623        0.067196       -0.107237
              Shf_Gamma_3    25        33.441566        0.582340       34.023907        1.439536        0.404533
              Intensity_4    26        -1.587528        0.001039       -1.586489        0.071178        0.014591
              Shf_Gamma_4    29        30.159414        0.049963       30.209377        1.745432        0.028625
              Intensity_5    33        16.048208       -0.432870       15.615338        1.165545       -0.371388
              Intensity_6    37        88.861153        0.211487       89.072639        4.051815        0.052196
              Intensity_7    41       693.981445        4.498352      698.479797        8.350977        0.538662
              Intensity_8    42         8.631947       -0.086355        8.545591        0.137395       -0.628519


 => Cycle No.:    2  Chi2 =      0.076110


              Name-Par       No.      Old-Value          Change        New-Value         Sigma        Change/Sigma

              Shf_Gamma_8     6         7.240672        0.002135        7.242807        0.179182        0.011917
                  Eta0-PV    12        18.654573       -0.000055       18.654518        0.006382       -0.008667
              Bragg_Pos_1    13       132.591110       -0.069550      132.521561        2.461395       -0.028256
              Intensity_1    14        -1.874555       -0.001382       -1.875937        0.061078       -0.022627
              Shf_Gamma_1    16        20.459066       -0.000381       20.458685        0.023304       -0.016370
              Bragg_Pos_2    17        98.461220        0.026390       98.487610        3.796440        0.006951
              Intensity_2    20        22.508736       -0.000284       22.508451        0.011834       -0.024015
              Bragg_Pos_3    21       110.466011       -0.010376      110.455635        2.982138       -0.003479
              Intensity_3    22        -1.505623       -0.000949       -1.506572        0.068846       -0.013785
              Shf_Gamma_3    25        34.023907        0.000435       34.024342        1.443330        0.000301
              Intensity_4    26        -1.586489       -0.000576       -1.587066        0.072110       -0.007995
              Shf_Gamma_4    29        30.209377       -0.007732       30.201645        1.747297       -0.004425
              Intensity_5    33        15.615338       -0.006345       15.608994        1.163493       -0.005453
              Intensity_6    37        89.072639        0.048454       89.121094        4.110411        0.011788
              Intensity_7    41       698.479797        0.043823      698.523621        8.487483        0.005163
              Intensity_8    42         8.545591        0.001170        8.546762        0.136676        0.008562

 => Convergence reached! : Chi2(old)-Chi2(new) < 0.000001 * Chi2(old)


  Rfact=    2.848   Rwfact=    3.433   Rex=   12.444

  Final value of Marquardt F-Lambda =            0.000

 => Correlation Matrix: 

    Correlation:  60 > 50% for parameters:                                 W-Caglioti & Intensity_2                             
    Correlation:  51 > 50% for parameters:                                Intensity_1 & Shf_Gamma_1                             
    Correlation:  89 > 50% for parameters:                                Shf_Gamma_1 & Shf_Gamma_3                             
    Correlation:  73 > 50% for parameters:                                Shf_Gamma_1 & Shf_Gamma_4                             
    Correlation:  65 > 50% for parameters:                                Intensity_2 & Intensity_7                             
    Correlation:  63 > 50% for parameters:                                Intensity_3 & Shf_Gamma_8                             
    Correlation:  69 > 50% for parameters:                                Shf_Gamma_3 & Shf_Gamma_4                             

 => There are   7 values of Correlation > 50%


      FINAL LIST OF REFINED PARAMETERS AND STANDARD DEVIATIONS
      --------------------------------------------------------


    #   Parameter name                       No.(Model)         Final-Value   Standard Deviation

    1    W-Caglioti                                   6             7.24418             0.17998
    2    Bragg_Pos_1                                 12            18.65450             0.00638
    3    Intensity_1                                 13           132.49916             2.46172
    4    Shf_Gamma_1                                 14            -1.87632             0.06132
    5    Bragg_Pos_2                                 16            20.45862             0.02331
    6    Intensity_2                                 17            98.48718             3.80262
    7    Bragg_Pos_3                                 20            22.50844             0.01184
    8    Intensity_3                                 21           110.44323             2.98241
    9    Shf_Gamma_3                                 22            -1.50688             0.06909
   10    Intensity_4                                 25            34.02411             1.44349
   11    Shf_Gamma_4                                 26            -1.58724             0.07229
   12    Intensity_5                                 29            30.20530             1.74805
   13    Intensity_6                                 33            15.60985             1.16376
   14    Intensity_7                                 37            89.12593             4.11479
   15    Intensity_8                                 41           698.54724             8.49166
   16    Shf_Gamma_8                                 42             8.54611             0.13677

 => Final value of Chi2:   0.76110E-01
