 
 
            ------------------------------------ 
                  --- PROGRAM: XRFIT ---
            (Author: J. Rodriguez-Carvajal, LLB)
                 (version 3.0 October 1998) 
            ------------------------------------ 

 => TITLE: Yobs                                                                                                                                                                                                                                                            

 => 2Theta range, peaks and cycles read 
 => 2Theta(init)    :     6.008600
 => 2Theta(fin )    :    35.993900
 => Number of peaks :     8
 => Number of background points :     2
 => Number of cycles:    30
 => Wave (A)               :      1.540600      1.540600

 => Global parameters                 Flag
 => Kalph2/Kalph1 ratio    :      0.500000  0
 => Asymmetry parameter S_L:      0.000000  0
 => Asymmetry parameter D_L:      0.000000  0

      Profile Parameters for Pseudo-Voigt
        pV(x) = ETA* L(x) + (1-ETA)* G(x)
    FWHM = SQRT((U tanT + V) tanT + W) + Z/cosT
    ETA  = Eta0 + X * 2T 

 => Parameter  U           :      0.000000  0
 => Parameter  V           :      0.000000  0
 => Parameter  W           :      7.265942  0
 => Parameter  Z           :      0.000000  0
 => Parameter Eta0         :      0.426814  0
 => Parameter  X           :      0.000000  0

 => Background parameters
      Scatt. Variable     Background  Flag
            6.0086           24.0000   0
           35.9939           24.0000   0

      Position      Intensity      D-Gamma         D-Eta          Flags

     18.510756        131.93     -1.898455      0.000000       0  0  0  0
     20.253166         46.12     -1.323055      0.000000       0  0  0  0
     22.332441         94.15     -1.567185      0.000000       0  0  0  0
     28.256453         44.40     -1.216229      0.000000       0  0  0  0
     29.751461         31.87      0.000000      0.000000       0  0  0  0
     33.328110          8.72      0.000000      0.000000       0  0  0  0
     17.500000        105.78      0.000000      0.000000       0  0  0  0
     20.039682        931.33      6.152202      0.000000       1  1  1  0

 => Total number of refined parameters:    3


 -------------------------------------------------
 => Marquardt Least Squares Fitting for  30 cycles
 -------------------------------------------------

 => Number of observations   :   2951
 => Number of free parameters:      3
 => Range of variable X      : (      6.0086,     35.9939)


 => Cycle No.:    1  Chi2 =      0.238567


              Name-Par       No.      Old-Value          Change        New-Value         Sigma        Change/Sigma

              Shf_Gamma_8    40        20.039682       -0.086962       19.952721        0.022950       -3.789246
              Intensity_1    41       931.330078      -13.184937      918.145142        4.727303       -2.789104
              Shf_Gamma_1    42         6.152202        0.218851        6.371053        0.053222        4.112071


 => Cycle No.:    2  Chi2 =      0.238529


              Name-Par       No.      Old-Value          Change        New-Value         Sigma        Change/Sigma

              Shf_Gamma_8    40        19.952721       -0.001575       19.951145        0.023879       -0.065977
              Intensity_1    41       918.145142       -0.531311      917.613831        4.744227       -0.111991
              Shf_Gamma_1    42         6.371053       -0.018923        6.352130        0.055625       -0.340187


 => Cycle No.:    3  Chi2 =      0.238529


              Name-Par       No.      Old-Value          Change        New-Value         Sigma        Change/Sigma

              Shf_Gamma_8    40        19.951145       -0.000242       19.950903        0.023840       -0.010161
              Intensity_1    41       917.613831        0.037537      917.651367        4.742901        0.007914
              Shf_Gamma_1    42         6.352130        0.001503        6.353634        0.055516        0.027082

 => Convergence reached! : Chi2(old)-Chi2(new) < 0.000001 * Chi2(old)


  Rfact=    3.580   Rwfact=    5.968   Rex=   12.220

  Final value of Marquardt F-Lambda =            0.000

 => Correlation Matrix: 


 => There is no correlations greater than 50% 


      FINAL LIST OF REFINED PARAMETERS AND STANDARD DEVIATIONS
      --------------------------------------------------------


    #   Parameter name                       No.(Model)         Final-Value   Standard Deviation

    1    Bragg_Pos_8                                 40            19.95091             0.02384
    2    Intensity_8                                 41           917.65051             4.74303
    3    Shf_Gamma_8                                 42             6.35356             0.05553

 => Final value of Chi2:   0.23853    
