 
 
            ------------------------------------ 
                  --- PROGRAM: XRFIT ---
            (Author: J. Rodriguez-Carvajal, LLB)
                 (version 3.0 October 1998) 
            ------------------------------------ 

 => TITLE: Yobs                                                                                                                                                                                                                                                            

 => 2Theta range, peaks and cycles read 
 => 2Theta(init)    :     6.008600
 => 2Theta(fin )    :    35.993900
 => Number of peaks :     7
 => Number of background points :     2
 => Number of cycles:    30
 => Wave (A)               :      1.540600      1.540600

 => Global parameters                 Flag
 => Kalph2/Kalph1 ratio    :      0.500000  0
 => Asymmetry parameter S_L:      0.000000  0
 => Asymmetry parameter D_L:      0.000000  0

      Profile Parameters for Pseudo-Voigt
        pV(x) = ETA* L(x) + (1-ETA)* G(x)
    FWHM = SQRT((U tanT + V) tanT + W) + Z/cosT
    ETA  = Eta0 + X * 2T 

 => Parameter  U           :      0.000000  0
 => Parameter  V           :      0.000000  0
 => Parameter  W           :      9.481023  0
 => Parameter  Z           :      0.000000  0
 => Parameter Eta0         :      0.621938  1
 => Parameter  X           :      0.000000  0

 => Background parameters
      Scatt. Variable     Background  Flag
            6.0086           20.0000   0
           35.9939           20.0000   0

      Position      Intensity      D-Gamma         D-Eta          Flags

     18.682787        144.89     -2.362288      0.000000       1  1  1  0
     20.642597         25.30     -2.450575      0.000000       1  1  1  0
     22.565516        106.77     -2.079203      0.000000       1  1  1  0
     28.563076         62.31     -1.701550      0.000000       1  1  1  0
     30.045946         32.69      0.000000      0.000000       0  1  0  0
     33.408520         18.84      0.000000      0.000000       0  1  0  0
     19.682699       1052.81      5.473910      0.000000       1  1  1  0

 => Total number of refined parameters:   18


 -------------------------------------------------
 => Marquardt Least Squares Fitting for  30 cycles
 -------------------------------------------------

 => Number of observations   :   2951
 => Number of free parameters:     18
 => Range of variable X      : (      6.0086,     35.9939)


 => Cycle No.:    1  Chi2 =      0.058097


              Name-Par       No.      Old-Value          Change        New-Value         Sigma        Change/Sigma

              Shf_Gamma_7     8         0.621938        0.000224        0.622162        0.013370        0.016745
              Bragg_Pos_1    12        18.682787       -0.000010       18.682777        0.005876       -0.001623
              Intensity_1    13       144.888199        0.026184      144.914383        3.627572        0.007218
              Shf_Gamma_1    14        -2.362288       -0.000012       -2.362301        0.018790       -0.000647
              Bragg_Pos_2    16        20.642597       -0.000011       20.642586        0.023027       -0.000497
              Intensity_2    17        25.296885       -0.007917       25.288967        3.002746       -0.002637
              Shf_Gamma_2    18        -2.450575       -0.000240       -2.450815        0.073636       -0.003260
              Bragg_Pos_3    20        22.565516       -0.000013       22.565502        0.011100       -0.001203
              Intensity_3    21       106.765976       -0.014793      106.751183        4.015898       -0.003684
              Shf_Gamma_3    22        -2.079203       -0.000263       -2.079466        0.034162       -0.007705
              Intensity_4    24        28.563076        0.004175       28.567251        0.021457        0.194585
              Shf_Gamma_4    25        62.306061        0.123425       62.429485        2.679280        0.046066
              Intensity_5    26        -1.701550        0.002006       -1.699544        0.061705        0.032512
              Intensity_6    29        32.685219       -0.237778       32.447441        2.926748       -0.081243
              Bragg_Pos_7    33        18.836782        0.022900       18.859682        1.741680        0.013148
              Intensity_7    36        19.682699        0.000519       19.683218        0.030350        0.017094
              Shf_Gamma_7    37      1052.814580        0.182251     1052.996830       10.025272        0.018179
              Shf_Gamma_7    38         5.473910        0.000402        5.474312        0.100734        0.003990


 => Cycle No.:    2  Chi2 =      0.058097


              Name-Par       No.      Old-Value          Change        New-Value         Sigma        Change/Sigma

              Shf_Gamma_7     8         0.622162        0.000049        0.622210        0.013426        0.003614
              Bragg_Pos_1    12        18.682777        0.000002       18.682779        0.005879        0.000324
              Intensity_1    13       144.914383        0.002457      144.916840        3.642058        0.000675
              Shf_Gamma_1    14        -2.362301        0.000032       -2.362268        0.018854        0.001720
              Bragg_Pos_2    16        20.642586       -0.000002       20.642584        0.023035       -0.000083
              Intensity_2    17        25.288967        0.005388       25.294355        3.017794        0.001785
              Shf_Gamma_2    18        -2.450815        0.000153       -2.450662        0.073901        0.002065
              Bragg_Pos_3    20        22.565502       -0.000015       22.565487        0.011106       -0.001374
              Intensity_3    21       106.751183       -0.001282      106.749901        4.033265       -0.000318
              Shf_Gamma_3    22        -2.079466        0.000030       -2.079437        0.034265        0.000863
              Intensity_4    24        28.567251       -0.000223       28.567028        0.021496       -0.010381
              Shf_Gamma_4    25        62.429485       -0.014614       62.414871        2.696216       -0.005420
              Intensity_5    26        -1.699544       -0.000367       -1.699911        0.061925       -0.005927
              Intensity_6    29        32.447441        0.018032       32.465473        2.944317        0.006124
              Bragg_Pos_7    33        18.859682       -0.000505       18.859177        1.744057       -0.000290
              Intensity_7    36        19.683218       -0.000004       19.683214        0.030429       -0.000125
              Shf_Gamma_7    37      1052.996830       -0.022461     1052.974370       10.080756       -0.002228
              Shf_Gamma_7    38         5.474312        0.000287        5.474598        0.101239        0.002831

 => Convergence reached! : Chi2(old)-Chi2(new) < 0.000001 * Chi2(old)


  Rfact=    2.361   Rwfact=    3.005   Rex=   12.469

  Final value of Marquardt F-Lambda =            0.000

 => Correlation Matrix: 

    Correlation:  64 > 50% for parameters:                                Intensity_1 & Shf_Gamma_1                             
    Correlation:  52 > 50% for parameters:                                Shf_Gamma_1 & Shf_Gamma_7                             
    Correlation:  77 > 50% for parameters:                                Intensity_2 & Shf_Gamma_2                             
    Correlation:  56 > 50% for parameters:                                Intensity_2 & Shf_Gamma_7                             
    Correlation:  69 > 50% for parameters:                                Intensity_3 & Shf_Gamma_3                             
    Correlation:  71 > 50% for parameters:                                Intensity_4 & Shf_Gamma_4                             

 => There are   6 values of Correlation > 50%


      FINAL LIST OF REFINED PARAMETERS AND STANDARD DEVIATIONS
      --------------------------------------------------------


    #   Parameter name                       No.(Model)         Final-Value   Standard Deviation

    1    Eta0-PV                                      8             0.62223             0.01343
    2    Bragg_Pos_1                                 12            18.68278             0.00588
    3    Intensity_1                                 13           144.91628             3.64402
    4    Shf_Gamma_1                                 14            -2.36227             0.01886
    5    Bragg_Pos_2                                 16            20.64258             0.02304
    6    Intensity_2                                 17            25.29201             3.02010
    7    Shf_Gamma_2                                 18            -2.45073             0.07394
    8    Bragg_Pos_3                                 20            22.56549             0.01111
    9    Intensity_3                                 21           106.74771             4.03548
   10    Shf_Gamma_3                                 22            -2.07946             0.03428
   11    Bragg_Pos_4                                 24            28.56704             0.02149
   12    Intensity_4                                 25            62.41308             2.69628
   13    Shf_Gamma_4                                 26            -1.69998             0.06193
   14    Intensity_5                                 29            32.46603             2.94441
   15    Intensity_6                                 33            18.85890             1.74435
   16    Bragg_Pos_7                                 36            19.68324             0.03044
   17    Intensity_7                                 37          1052.98206            10.08813
   18    Shf_Gamma_7                                 38             5.47458             0.10132

 => Final value of Chi2:   0.58097E-01
