 
 
            ------------------------------------ 
                  --- PROGRAM: XRFIT ---
            (Author: J. Rodriguez-Carvajal, LLB)
                 (version 3.0 October 1998) 
            ------------------------------------ 

 => TITLE: Yobs                                                                                                                                                                                                                                                            

 => 2Theta range, peaks and cycles read 
 => 2Theta(init)    :     6.303400
 => 2Theta(fin )    :    36.095501
 => Number of peaks :     8
 => Number of background points :     2
 => Number of cycles:    30
 => Wave (A)               :      1.540600      1.540600

 => Global parameters                 Flag
 => Kalph2/Kalph1 ratio    :      0.500000  0
 => Asymmetry parameter S_L:      0.000000  0
 => Asymmetry parameter D_L:      0.000000  0

      Profile Parameters for Pseudo-Voigt
        pV(x) = ETA* L(x) + (1-ETA)* G(x)
    FWHM = SQRT((U tanT + V) tanT + W) + Z/cosT
    ETA  = Eta0 + X * 2T 

 => Parameter  U           :      0.000000  0
 => Parameter  V           :      0.000000  0
 => Parameter  W           :      3.832395  0
 => Parameter  Z           :      0.000000  0
 => Parameter Eta0         :      0.738231  1
 => Parameter  X           :      0.000000  0

 => Background parameters
      Scatt. Variable     Background  Flag
            6.3034           20.0000   0
           36.0955           20.0000   0

      Position      Intensity      D-Gamma         D-Eta          Flags

     18.652449        173.47     -1.213233      0.000000       0  1  1  0
     20.600000         39.38     -1.197206      0.000000       0  1  1  0
     22.485018        127.98     -0.907797      0.000000       0  1  1  0
     28.543701         64.27     -0.667760      0.000000       0  1  1  0
     30.087717         36.73      1.000000      0.000000       0  1  0  0
     33.345863         14.20     -1.021902      0.000000       0  1  0  0
     17.096909        131.11      0.800000      0.000000       0  1  0  0
     20.292397        969.14      6.298851      0.000000       0  1  0  0

 => Total number of refined parameters:   13


 -------------------------------------------------
 => Marquardt Least Squares Fitting for  30 cycles
 -------------------------------------------------

 => Number of observations   :   2932
 => Number of free parameters:     13
 => Range of variable X      : (      6.3034,     36.0955)


 => Cycle No.:    1  Chi2 =      0.133690


              Name-Par       No.      Old-Value          Change        New-Value         Sigma        Change/Sigma

              Intensity_8     8         0.738231        0.007071        0.745302        0.011586        0.610319
              Intensity_1    13       173.467133        2.086700      175.553833        4.225592        0.493824
              Shf_Gamma_1    14        -1.213233       -0.000585       -1.213818        0.016467       -0.035502
              Intensity_2    17        39.383743       -3.174408       36.209335        3.589910       -0.884258
              Shf_Gamma_2    18        -1.197206       -0.037838       -1.235044        0.066636       -0.567837
              Intensity_3    21       127.980309       -6.914330      121.065979        5.498916       -1.257399
              Shf_Gamma_3    22        -0.907797       -0.048786       -0.956583        0.036175       -1.348635
              Intensity_4    25        64.269112       -1.834110       62.435001        2.606712       -0.703611
              Shf_Gamma_4    26        -0.667760       -0.040280       -0.708040        0.058849       -0.684454
              Intensity_5    29        36.732910       -0.960976       35.771935        2.657517       -0.361607
              Intensity_6    33        14.198125       -0.348622       13.849503        0.951355       -0.366448
              Intensity_7    37       131.114487      -28.800735      102.313751        5.534451       -5.203901
              Intensity_8    41       969.136414       43.980896     1013.117310       15.128060        2.907240


 => Cycle No.:    2  Chi2 =      0.133615


              Name-Par       No.      Old-Value          Change        New-Value         Sigma        Change/Sigma

              Intensity_8     8         0.745302        0.001148        0.746449        0.011306        0.101502
              Intensity_1    13       175.553833       -0.250305      175.303528        4.201556       -0.059574
              Shf_Gamma_1    14        -1.213818        0.000122       -1.213696        0.016364        0.007438
              Intensity_2    17        36.209335        0.009399       36.218735        3.473152        0.002706
              Shf_Gamma_2    18        -1.235044        0.002069       -1.232975        0.067623        0.030596
              Intensity_3    21       121.065979        0.166313      121.232292        5.255647        0.031645
              Shf_Gamma_3    22        -0.956583        0.005951       -0.950632        0.035822        0.166127
              Intensity_4    25        62.435001       -0.163651       62.271351        2.551363       -0.064142
              Shf_Gamma_4    26        -0.708040       -0.004043       -0.712083        0.058060       -0.069626
              Intensity_5    29        35.771935        0.231415       36.003349        2.657462        0.087081
              Intensity_6    33        13.849503        0.027892       13.877395        0.956172        0.029171
              Intensity_7    37       102.313751       -0.220291      102.093460        5.285443       -0.041679
              Intensity_8    41      1013.117310       -0.495789     1012.621520       14.507774       -0.034174


 => Cycle No.:    3  Chi2 =      0.133612


              Name-Par       No.      Old-Value          Change        New-Value         Sigma        Change/Sigma

              Intensity_8     8         0.746449        0.000145        0.746594        0.011340        0.012809
              Intensity_1    13       175.303528       -0.106720      175.196808        4.213846       -0.025326
              Shf_Gamma_1    14        -1.213696       -0.000134       -1.213830        0.016416       -0.008148
              Intensity_2    17        36.218735       -0.078560       36.140175        3.487474       -0.022526
              Shf_Gamma_2    18        -1.232975       -0.000863       -1.233838        0.068004       -0.012688
              Intensity_3    21       121.232292       -0.216454      121.015839        5.299277       -0.040846
              Shf_Gamma_3    22        -0.950632       -0.001675       -0.952308        0.036189       -0.046298
              Intensity_4    25        62.271351       -0.039902       62.231449        2.548788       -0.015655
              Shf_Gamma_4    26        -0.712083       -0.000645       -0.712727        0.057992       -0.011116
              Intensity_5    29        36.003349        0.030403       36.033752        2.657103        0.011442
              Intensity_6    33        13.877395        0.002709       13.880104        0.956708        0.002832
              Intensity_7    37       102.093460       -0.140823      101.952637        5.305269       -0.026544
              Intensity_8    41      1012.621520        0.485596     1013.107120       14.591366        0.033280

 => Convergence reached! : Chi2(old)-Chi2(new) < 0.000001 * Chi2(old)


  Rfact=    2.980   Rwfact=    4.440   Rex=   12.146

  Final value of Marquardt F-Lambda =            0.000

 => Correlation Matrix: 

    Correlation:  65 > 50% for parameters:                                    Eta0-PV & Intensity_1                             
    Correlation:  70 > 50% for parameters:                                    Eta0-PV & Intensity_3                             
    Correlation:  57 > 50% for parameters:                                    Eta0-PV & Intensity_7                             
    Correlation:  55 > 50% for parameters:                                Intensity_1 & Shf_Gamma_1                             
    Correlation:  62 > 50% for parameters:                                Intensity_1 & Intensity_3                             
    Correlation:  73 > 50% for parameters:                                Intensity_2 & Shf_Gamma_2                             
    Correlation:  52 > 50% for parameters:                                Intensity_2 & Intensity_3                             
    Correlation:  59 > 50% for parameters:                                Intensity_2 & Intensity_7                             
    Correlation:  74 > 50% for parameters:                                Intensity_3 & Shf_Gamma_3                             
    Correlation:  68 > 50% for parameters:                                Intensity_3 & Intensity_7                             
    Correlation:  70 > 50% for parameters:                                Intensity_4 & Shf_Gamma_4                             

 => There are  11 values of Correlation > 50%


      FINAL LIST OF REFINED PARAMETERS AND STANDARD DEVIATIONS
      --------------------------------------------------------


    #   Parameter name                       No.(Model)         Final-Value   Standard Deviation

    1    Eta0-PV                                      8             0.74673             0.01134
    2    Intensity_1                                 13           175.22173             4.21274
    3    Shf_Gamma_1                                 14            -1.21381             0.01642
    4    Intensity_2                                 17            36.16134             3.48590
    5    Shf_Gamma_2                                 18            -1.23357             0.06805
    6    Intensity_3                                 21           121.06920             5.29350
    7    Shf_Gamma_3                                 22            -0.95189             0.03618
    8    Intensity_4                                 25            62.23544             2.54823
    9    Shf_Gamma_4                                 26            -0.71277             0.05799
   10    Intensity_5                                 29            36.03090             2.65715
   11    Intensity_6                                 33            13.87954             0.95684
   12    Intensity_7                                 37           101.99126             5.30350
   13    Intensity_8                                 41          1012.98468            14.58244

 => Final value of Chi2:   0.13361    
