 
 
            ------------------------------------ 
                  --- PROGRAM: XRFIT ---
            (Author: J. Rodriguez-Carvajal, LLB)
                 (version 3.0 October 1998) 
            ------------------------------------ 

 => TITLE: Yobs                                                                                                                                                                                                                                                            

 => 2Theta range, peaks and cycles read 
 => 2Theta(init)    :     6.008600
 => 2Theta(fin )    :    35.993900
 => Number of peaks :     7
 => Number of background points :     2
 => Number of cycles:    30
 => Wave (A)               :      1.540600      1.540600

 => Global parameters                 Flag
 => Kalph2/Kalph1 ratio    :      0.500000  0
 => Asymmetry parameter S_L:      0.000000  0
 => Asymmetry parameter D_L:      0.000000  0

      Profile Parameters for Pseudo-Voigt
        pV(x) = ETA* L(x) + (1-ETA)* G(x)
    FWHM = SQRT((U tanT + V) tanT + W) + Z/cosT
    ETA  = Eta0 + X * 2T 

 => Parameter  U           :      0.000000  0
 => Parameter  V           :      0.000000  0
 => Parameter  W           :     10.650825  0
 => Parameter  Z           :      0.000000  0
 => Parameter Eta0         :      0.559648  0
 => Parameter  X           :      0.000000  0

 => Background parameters
      Scatt. Variable     Background  Flag
            6.0086           20.0000   0
           35.9939           20.0000   0

      Position      Intensity      D-Gamma         D-Eta          Flags

     18.523155        111.46     -2.423098      0.000000       0  0  0  0
     20.444536          7.49     -2.744356      0.000000       0  0  0  0
     22.380352         66.19     -2.198612      0.000000       0  0  0  0
     28.330465         63.83     -1.031450      0.000000       0  0  0  0
     29.908102         30.06      0.000000      0.000000       0  0  0  0
     33.197578         23.11     -0.185953      0.000000       0  0  0  0
     19.500830       1156.42      5.386827     -0.022502       0  0  0  0

 => Total number of refined parameters:    0


 -------------------------------------------------
 => Marquardt Least Squares Fitting for  30 cycles
 -------------------------------------------------

 => Number of observations   :   2951
 => Number of free parameters:      0
 => Range of variable X      : (      6.0086,     35.9939)


 => Cycle No.:    1  Chi2 =      0.049630


              Name-Par       No.      Old-Value          Change        New-Value         Sigma        Change/Sigma


 => Convergence reached! : Chi2(old)-Chi2(new) < 0.000001 * Chi2(old)


  Rfact=    2.176   Rwfact=    2.771   Rex=   12.440

  Final value of Marquardt F-Lambda =            0.000

 => Correlation Matrix: 


 => There is no correlations greater than 50% 


      FINAL LIST OF REFINED PARAMETERS AND STANDARD DEVIATIONS
      --------------------------------------------------------


    #   Parameter name                       No.(Model)         Final-Value   Standard Deviation


 => Final value of Chi2:   0.49630E-01
