 
 
            ------------------------------------ 
                  --- PROGRAM: XRFIT ---
            (Author: J. Rodriguez-Carvajal, LLB)
                 (version 3.0 October 1998) 
            ------------------------------------ 

 => TITLE: Yobs                                                                                                                                                                                                                                                            

 => 2Theta range, peaks and cycles read 
 => 2Theta(init)    :     6.008600
 => 2Theta(fin )    :    35.993900
 => Number of peaks :     8
 => Number of background points :     2
 => Number of cycles:    30
 => Wave (A)               :      1.540600      1.540600

 => Global parameters                 Flag
 => Kalph2/Kalph1 ratio    :      0.500000  0
 => Asymmetry parameter S_L:      0.000000  0
 => Asymmetry parameter D_L:      0.000000  0

      Profile Parameters for Pseudo-Voigt
        pV(x) = ETA* L(x) + (1-ETA)* G(x)
    FWHM = SQRT((U tanT + V) tanT + W) + Z/cosT
    ETA  = Eta0 + X * 2T 

 => Parameter  U           :      0.000000  0
 => Parameter  V           :      0.000000  0
 => Parameter  W           :      7.000000  0
 => Parameter  Z           :      0.000000  0
 => Parameter Eta0         :      0.500000  0
 => Parameter  X           :      0.000000  0

 => Background parameters
      Scatt. Variable     Background  Flag
            6.0086           24.0000   0
           35.9939           24.0000   0

      Position      Intensity      D-Gamma         D-Eta          Flags

     18.642170        147.64     -1.899994      0.000000       0  1  1  0
     20.590763         43.91     -1.708250      0.000000       0  1  1  0
     22.542532        108.25     -1.623194      0.000000       0  1  1  0
     28.526585         55.43     -1.362550      0.000000       0  1  1  0
     30.038641         23.02      0.000000      0.000000       0  0  0  0
     33.145363         10.13      0.000000      0.000000       0  1  0  0
     17.500000         60.51      0.000000      0.000000       0  1  0  0
     20.013577        882.21      6.127605      0.000000       0  1  1  0

 => Total number of refined parameters:   12


 -------------------------------------------------
 => Marquardt Least Squares Fitting for  30 cycles
 -------------------------------------------------

 => Number of observations   :   2951
 => Number of free parameters:     12
 => Range of variable X      : (      6.0086,     35.9939)


 => Cycle No.:    1  Chi2 =      0.114670


              Name-Par       No.      Old-Value          Change        New-Value         Sigma        Change/Sigma

              Shf_Gamma_8    13       147.639297        0.099045      147.738342        3.572361        0.027725
              Shf_Gamma_1    14        -1.899994        0.000350       -1.899644        0.017278        0.020256
              Intensity_2    17        43.908306        0.148392       44.056698        5.419877        0.027379
              Shf_Gamma_2    18        -1.708250        0.002131       -1.706119        0.086223        0.024709
              Intensity_3    21       108.249359        0.030350      108.279709        4.067166        0.007462
              Shf_Gamma_3    22        -1.623194        0.000083       -1.623111        0.032983        0.002519
              Intensity_4    25        55.434532        0.026932       55.461464        1.768132        0.015232
              Shf_Gamma_4    26        -1.362550        0.001460       -1.361090        0.048382        0.030181
              Intensity_7    33        10.133138       -1.153960        8.979177        1.358177       -0.849639
              Intensity_8    37        60.505077       -0.025658       60.479420        5.237700       -0.004899
              Shf_Gamma_8    41       882.207886        0.203918      882.411804       15.348899        0.013286
              Shf_Gamma_4    42         6.127605        0.008902        6.136507        0.130940        0.067982

 => Convergence reached! : Chi2(old)-Chi2(new) < 0.000001 * Chi2(old)


  Rfact=    2.896   Rwfact=    4.185   Rex=   12.358

  Final value of Marquardt F-Lambda =            0.000

 => Correlation Matrix: 

    Correlation:  71 > 50% for parameters:                                Intensity_1 & Shf_Gamma_1                             
    Correlation:  59 > 50% for parameters:                                Intensity_1 & Intensity_2                             
    Correlation:  55 > 50% for parameters:                                Intensity_1 & Intensity_3                             
    Correlation:  66 > 50% for parameters:                                Intensity_1 & Shf_Gamma_8                             
    Correlation:  85 > 50% for parameters:                                Intensity_2 & Shf_Gamma_2                             
    Correlation:  70 > 50% for parameters:                                Intensity_2 & Intensity_3                             
    Correlation:  70 > 50% for parameters:                                Intensity_2 & Intensity_7                             
    Correlation:  85 > 50% for parameters:                                Intensity_2 & Shf_Gamma_8                             
    Correlation:  52 > 50% for parameters:                                Shf_Gamma_2 & Intensity_3                             
    Correlation:  56 > 50% for parameters:                                Shf_Gamma_2 & Intensity_7                             
    Correlation:  69 > 50% for parameters:                                Shf_Gamma_2 & Shf_Gamma_8                             
    Correlation:  75 > 50% for parameters:                                Intensity_3 & Shf_Gamma_3                             
    Correlation:  67 > 50% for parameters:                                Intensity_3 & Intensity_7                             
    Correlation:  70 > 50% for parameters:                                Intensity_3 & Shf_Gamma_8                             
    Correlation:  59 > 50% for parameters:                                Intensity_4 & Shf_Gamma_4                             
    Correlation:  62 > 50% for parameters:                                Intensity_7 & Shf_Gamma_8                             

 => There are  16 values of Correlation > 50%


      FINAL LIST OF REFINED PARAMETERS AND STANDARD DEVIATIONS
      --------------------------------------------------------


    #   Parameter name                       No.(Model)         Final-Value   Standard Deviation

    1    Intensity_1                                 13           147.75479             3.60510
    2    Shf_Gamma_1                                 14            -1.89957             0.01736
    3    Intensity_2                                 17            44.09773             5.52609
    4    Shf_Gamma_2                                 18            -1.70531             0.08729
    5    Intensity_3                                 21           108.29783             4.12486
    6    Shf_Gamma_3                                 22            -1.62303             0.03323
    7    Intensity_4                                 25            55.46496             1.77375
    8    Shf_Gamma_4                                 26            -1.36085             0.04852
    9    Intensity_6                                 33             8.97748             1.35901
   10    Intensity_7                                 37            60.50364             5.30692
   11    Intensity_8                                 41           882.31024            15.62642
   12    Shf_Gamma_8                                 42             6.13718             0.13333

 => Final value of Chi2:   0.11467    
