 
 
            ------------------------------------ 
                  --- PROGRAM: XRFIT ---
            (Author: J. Rodriguez-Carvajal, LLB)
                 (version 3.0 October 1998) 
            ------------------------------------ 

 => TITLE: Yobs                                                                                                                                                                                                                                                            

 => 2Theta range, peaks and cycles read 
 => 2Theta(init)    :     6.100100
 => 2Theta(fin )    :    36.014198
 => Number of peaks :     8
 => Number of background points :     2
 => Number of cycles:    30
 => Wave (A)               :      1.540600      1.540600

 => Global parameters                 Flag
 => Kalph2/Kalph1 ratio    :      0.500000  0
 => Asymmetry parameter S_L:      0.000000  0
 => Asymmetry parameter D_L:      0.000000  0

      Profile Parameters for Pseudo-Voigt
        pV(x) = ETA* L(x) + (1-ETA)* G(x)
    FWHM = SQRT((U tanT + V) tanT + W) + Z/cosT
    ETA  = Eta0 + X * 2T 

 => Parameter  U           :      0.000000  0
 => Parameter  V           :      0.000000  0
 => Parameter  W           :      4.516063  0
 => Parameter  Z           :      0.000000  0
 => Parameter Eta0         :      0.000100  0
 => Parameter  X           :      0.000000  0

 => Background parameters
      Scatt. Variable     Background  Flag
            6.1001           25.0000   0
           36.0142           25.0000   0

      Position      Intensity      D-Gamma         D-Eta          Flags

     18.568848         79.38     -1.370160      0.000000       1  1  1  0
     20.561165         13.08     -1.373387      0.000000       1  1  1  0
     22.418848         77.51     -0.833375      0.000000       1  1  1  0
     28.458645         27.98     -0.724968      0.000000       0  1  1  0
     29.941519         34.64      1.698298      0.000000       0  1  1  0
     33.408520         10.24      0.500000      0.000000       0  1  0  0
     17.500000        248.12      2.503379      0.000000       0  1  1  0
     20.041771        743.30      8.947969      0.000000       0  1  1  0

 => Total number of refined parameters:   18


 -------------------------------------------------
 => Marquardt Least Squares Fitting for  30 cycles
 -------------------------------------------------

 => Number of observations   :   2944
 => Number of free parameters:     18
 => Range of variable X      : (      6.1001,     36.0142)


 => Cycle No.:    1  Chi2 =      0.100106


              Name-Par       No.      Old-Value          Change        New-Value         Sigma        Change/Sigma

              Shf_Gamma_8    12        18.568848        0.029993       18.598841        0.008564        3.502095
              Intensity_1    13        79.380577       31.104126      110.484703        2.187780       14.217210
              Shf_Gamma_1    14        -1.370160        0.196907       -1.173253        0.020700        9.512402
              Bragg_Pos_2    16        20.561165       -0.173563       20.387602        0.043438       -3.995658
              Intensity_2    17        13.076404       29.820580       42.896984        2.291902       13.011280
              Shf_Gamma_2    18        -1.373387        1.051670       -0.321717        0.115392        9.113877
              Bragg_Pos_3    20        22.418848       -0.068348       22.350500        0.015969       -4.279974
              Intensity_3    21        77.513008        4.733620       82.246628        3.245504        1.458516
              Shf_Gamma_3    22        -0.833375        0.020964       -0.812412        0.044393        0.472227
              Intensity_4    25        27.979523        1.130558       29.110081        1.828673        0.618239
              Shf_Gamma_4    26        -0.724968        0.021195       -0.703773        0.084277        0.251494
              Intensity_5    29        34.641552        4.269951       38.911503        3.539676        1.206311
              Shf_Gamma_5    30         1.698298       -0.115406        1.582892        0.366726       -0.314693
              Intensity_6    33        10.242879        1.669622       11.912501        1.654694        1.009022
              Bragg_Pos_7    37       248.117462     -132.935181      115.182281        6.568174      -20.239288
              Intensity_7    38         2.503379       -0.383140        2.120240        0.092287       -4.151587
              Shf_Gamma_7    41       743.297852       53.236511      796.534363       10.530585        5.055418
              Intensity_8    42         8.947969       -0.843062        8.104907        0.124207       -6.787535


 => Cycle No.:    2  Chi2 =      0.050515


              Name-Par       No.      Old-Value          Change        New-Value         Sigma        Change/Sigma

              Shf_Gamma_8    12        18.598841       -0.021212       18.577629        0.011553       -1.836033
              Intensity_1    13       110.484703        3.127441      113.612144        3.852354        0.811826
              Shf_Gamma_1    14        -1.173253       -0.021766       -1.195019        0.026685       -0.815642
              Bragg_Pos_2    16        20.387602       -0.114437       20.273165        0.076693       -1.492146
              Intensity_2    17        42.896984       39.541271       82.438255        7.210779        5.483634
              Shf_Gamma_2    18        -0.321717       -0.122730       -0.444448        0.318083       -0.385844
              Bragg_Pos_3    20        22.350500        0.040222       22.390722        0.028436        1.414488
              Intensity_3    21        82.246628       11.307846       93.554474        5.159464        2.191671
              Shf_Gamma_3    22        -0.812412        0.053248       -0.759164        0.060451        0.880849
              Intensity_4    25        29.110081       -1.597637       27.512444        1.867376       -0.855552
              Shf_Gamma_4    26        -0.703773       -0.039190       -0.742963        0.083263       -0.470674
              Intensity_5    29        38.911503       -5.410149       33.501354        3.387663       -1.597015
              Shf_Gamma_5    30         1.582892       -0.069265        1.513628        0.303350       -0.228332
              Intensity_6    33        11.912501       -0.785673       11.126828        1.594787       -0.492651
              Bragg_Pos_7    37       115.182281        4.892021      120.074303        6.390554        0.765508
              Intensity_7    38         2.120240       -1.038375        1.081865        0.187172       -5.547707
              Shf_Gamma_7    41       796.534363      -44.913818      751.620544       11.503857       -3.904240
              Intensity_8    42         8.104907        0.793276        8.898183        0.123634        6.416300


 => Cycle No.:    3  Chi2 =      0.046819


              Name-Par       No.      Old-Value          Change        New-Value         Sigma        Change/Sigma

              Shf_Gamma_8    12        18.577629        0.002419       18.580048        0.010784        0.224279
              Intensity_1    13       113.612144       -3.420250      110.191895        3.623995       -0.943779
              Shf_Gamma_1    14        -1.195019       -0.023071       -1.218089        0.025075       -0.920074
              Bragg_Pos_2    16        20.273165        0.034254       20.307419        0.032884        1.041663
              Intensity_2    17        82.438255        0.961136       83.399391        5.606653        0.171428
              Shf_Gamma_2    18        -0.444448        0.119369       -0.325079        0.122249        0.976441
              Bragg_Pos_3    20        22.390722        0.006426       22.397148        0.020924        0.307109
              Intensity_3    21        93.554474       -3.705521       89.848953        4.210929       -0.879977
              Shf_Gamma_3    22        -0.759164       -0.027800       -0.786964        0.050792       -0.547327
              Intensity_4    25        27.512444        0.224796       27.737240        1.804882        0.124549
              Shf_Gamma_4    26        -0.742963        0.000341       -0.742622        0.083574        0.004076
              Intensity_5    29        33.501354        0.274559       33.775913        3.246908        0.084560
              Shf_Gamma_5    30         1.513628        0.034229        1.547856        0.332036        0.103087
              Intensity_6    33        11.126828       -0.346852       10.779976        1.561196       -0.222171
              Bragg_Pos_7    37       120.074303       -2.026688      118.047615        5.825924       -0.347874
              Intensity_7    38         1.081865        0.078501        1.160366        0.114579        0.685131
              Shf_Gamma_7    41       751.620544        8.396606      760.017151       10.600817        0.792072
              Intensity_8    42         8.898183       -0.014186        8.883997        0.130917       -0.108358


 => Cycle No.:    4  Chi2 =      0.046786


              Name-Par       No.      Old-Value          Change        New-Value         Sigma        Change/Sigma

              Shf_Gamma_8    12        18.580048        0.000031       18.580078        0.010584        0.002883
              Intensity_1    13       110.191895       -0.250381      109.941513        3.747586       -0.066811
              Shf_Gamma_1    14        -1.218089       -0.004205       -1.222295        0.024852       -0.169208
              Bragg_Pos_2    16        20.307419       -0.000130       20.307289        0.037057       -0.003500
              Intensity_2    17        83.399391       -0.065300       83.334091        6.274631       -0.010407
              Shf_Gamma_2    18        -0.325079        0.002794       -0.322284        0.147961        0.018886
              Bragg_Pos_3    20        22.397148       -0.000813       22.396336        0.023315       -0.034850
              Intensity_3    21        89.848953       -0.083237       89.765717        4.468003       -0.018630
              Shf_Gamma_3    22        -0.786964        0.000918       -0.786045        0.052779        0.017402
              Intensity_4    25        27.737240        0.014225       27.751465        1.806895        0.007873
              Shf_Gamma_4    26        -0.742622        0.000665       -0.741957        0.082997        0.008013
              Intensity_5    29        33.775913        0.083641       33.859554        3.286939        0.025446
              Shf_Gamma_5    30         1.547856        0.006394        1.554250        0.336741        0.018988
              Intensity_6    33        10.779976       -0.011331       10.768645        1.577353       -0.007183
              Bragg_Pos_7    37       118.047615        0.408684      118.456299        5.857038        0.069777
              Intensity_7    38         1.160366        0.015635        1.176002        0.119766        0.130550
              Shf_Gamma_7    41       760.017151       -0.128357      759.888794       10.578722       -0.012134
              Intensity_8    42         8.883997       -0.004889        8.879108        0.128687       -0.037988


 => Cycle No.:    5  Chi2 =      0.046785


              Name-Par       No.      Old-Value          Change        New-Value         Sigma        Change/Sigma

              Shf_Gamma_8    12        18.580078       -0.000216       18.579863        0.010500       -0.020527
              Intensity_1    13       109.941513       -0.130157      109.811356        3.731516       -0.034881
              Shf_Gamma_1    14        -1.222295       -0.001149       -1.223444        0.024684       -0.046550
              Bragg_Pos_2    16        20.307289       -0.000439       20.306850        0.037151       -0.011808
              Intensity_2    17        83.334091        0.133049       83.467140        6.285177        0.021169
              Shf_Gamma_2    18        -0.322284        0.003977       -0.318308        0.148550        0.026769
              Bragg_Pos_3    20        22.396336        0.000423       22.396759        0.023434        0.018069
              Intensity_3    21        89.765717       -0.052292       89.713425        4.483762       -0.011662
              Shf_Gamma_3    22        -0.786045       -0.000594       -0.786639        0.052965       -0.011217
              Intensity_4    25        27.751465        0.004166       27.755630        1.807908        0.002304
              Shf_Gamma_4    26        -0.741957        0.000282       -0.741675        0.083031        0.003398
              Intensity_5    29        33.859554        0.008408       33.867962        3.294776        0.002552
              Shf_Gamma_5    30         1.554250        0.001028        1.555279        0.337333        0.003049
              Intensity_6    33        10.768645       -0.002378       10.766267        1.580531       -0.001505
              Bragg_Pos_7    37       118.456299        0.103523      118.559822        5.871095        0.017633
              Intensity_7    38         1.176002        0.002222        1.178224        0.120049        0.018510
              Shf_Gamma_7    41       759.888794       -0.066650      759.822144       10.597734       -0.006289
              Intensity_8    42         8.879108       -0.000253        8.878856        0.128686       -0.001964


 => Cycle No.:    6  Chi2 =      0.046785


              Name-Par       No.      Old-Value          Change        New-Value         Sigma        Change/Sigma

              Shf_Gamma_8    12        18.579863       -0.000055       18.579807        0.010489       -0.005274
              Intensity_1    13       109.811356       -0.037453      109.773903        3.738199       -0.010019
              Shf_Gamma_1    14        -1.223444       -0.000335       -1.223779        0.024673       -0.013596
              Bragg_Pos_2    16        20.306850       -0.000305       20.306545        0.037251       -0.008192
              Intensity_2    17        83.467140        0.031136       83.498276        6.306162        0.004937
              Shf_Gamma_2    18        -0.318308        0.000870       -0.317438        0.149205        0.005829
              Bragg_Pos_3    20        22.396759        0.000025       22.396784        0.023464        0.001057
              Intensity_3    21        89.713425       -0.005470       89.707954        4.488723       -0.001219
              Shf_Gamma_3    22        -0.786639       -0.000007       -0.786646        0.052964       -0.000133
              Intensity_4    25        27.755630        0.001324       27.756954        1.808245        0.000732
              Shf_Gamma_4    26        -0.741675        0.000092       -0.741582        0.083047        0.001112
              Intensity_5    29        33.867962        0.000328       33.868290        3.296102        0.000100
              Shf_Gamma_5    30         1.555279        0.000091        1.555369        0.337477        0.000269
              Intensity_6    33        10.766267       -0.000044       10.766223        1.581046       -0.000028
              Bragg_Pos_7    37       118.559822        0.015953      118.575775        5.872506        0.002717
              Intensity_7    38         1.178224        0.000105        1.178329        0.120033        0.000874
              Shf_Gamma_7    41       759.822144       -0.006287      759.815857       10.598504       -0.000593
              Intensity_8    42         8.878856       -0.000056        8.878799        0.128688       -0.000437

 => Convergence reached! : Chi2(old)-Chi2(new) < 0.000001 * Chi2(old)


  Rfact=    2.098   Rwfact=    2.652   Rex=   12.262

  Final value of Marquardt F-Lambda =            0.000

 => Correlation Matrix: 

    Correlation:  76 > 50% for parameters:                                Intensity_1 & Shf_Gamma_1                             
    Correlation:  84 > 50% for parameters:                                Intensity_2 & Shf_Gamma_2                             
    Correlation:  64 > 50% for parameters:                                Intensity_2 & Bragg_Pos_3                             
    Correlation:  72 > 50% for parameters:                                Shf_Gamma_2 & Bragg_Pos_3                             
    Correlation:  83 > 50% for parameters:                                Intensity_3 & Shf_Gamma_3                             
    Correlation:  64 > 50% for parameters:                                Intensity_4 & Shf_Gamma_4                             
    Correlation:  75 > 50% for parameters:                                Intensity_5 & Shf_Gamma_5                             
    Correlation:  54 > 50% for parameters:                                Intensity_7 & Shf_Gamma_7                             

 => There are   8 values of Correlation > 50%


      FINAL LIST OF REFINED PARAMETERS AND STANDARD DEVIATIONS
      --------------------------------------------------------


    #   Parameter name                       No.(Model)         Final-Value   Standard Deviation

    1    Bragg_Pos_1                                 12            18.57979             0.01049
    2    Intensity_1                                 13           109.75957             3.74110
    3    Shf_Gamma_1                                 14            -1.22389             0.02467
    4    Bragg_Pos_2                                 16            20.30647             0.03729
    5    Intensity_2                                 17            83.51476             6.31373
    6    Shf_Gamma_2                                 18            -0.31699             0.14943
    7    Bragg_Pos_3                                 20            22.39682             0.02348
    8    Intensity_3                                 21            89.70146             4.49063
    9    Shf_Gamma_3                                 22            -0.78671             0.05297
   10    Intensity_4                                 25            27.75731             1.80837
   11    Shf_Gamma_4                                 26            -0.74156             0.08305
   12    Intensity_5                                 29            33.86786             3.29620
   13    Shf_Gamma_5                                 30             1.55533             0.33749
   14    Intensity_6                                 33            10.76640             1.58108
   15    Intensity_7                                 37           118.57688             5.87249
   16    Shf_Gamma_7                                 38             1.17823             0.12001
   17    Intensity_8                                 41           759.81885            10.59848
   18    Shf_Gamma_8                                 42             8.87878             0.12869

 => Final value of Chi2:   0.46785E-01
